-------------------------------------------------------------------------------
Test set: edu.uob.ExampleDBTests
-------------------------------------------------------------------------------
Tests run: 4, Failures: 0, Errors: 4, Skipped: 0, Time elapsed: 0.313 s <<< FAILURE! - in edu.uob.ExampleDBTests
edu.uob.ExampleDBTests.testQueryID  Time elapsed: 0.149 s  <<< ERROR!
java.lang.NullPointerException: Cannot invoke "java.util.List.size()" because "table" is null
	at edu.uob.Database._printTable(Database.java:165)
	at edu.uob.Database.getData(Database.java:278)
	at edu.uob.DBServer.parseSelect(DBServer.java:213)
	at edu.uob.DBServer.handleCommand(DBServer.java:79)
	at edu.uob.ExampleDBTests.lambda$sendCommandToServer$0(ExampleDBTests.java:30)
	at org.junit.jupiter.api.AssertTimeout.lambda$assertTimeoutPreemptively$4(AssertTimeout.java:138)
	at java.base/java.util.concurrent.FutureTask.run(FutureTask.java:317)
	at java.base/java.util.concurrent.ThreadPoolExecutor.runWorker(ThreadPoolExecutor.java:1144)
	at java.base/java.util.concurrent.ThreadPoolExecutor$Worker.run(ThreadPoolExecutor.java:642)
	at java.base/java.lang.Thread.run(Thread.java:1575)

edu.uob.ExampleDBTests.testBasicCreateAndQuery  Time elapsed: 0.016 s  <<< ERROR!
java.lang.NullPointerException: Cannot invoke "java.util.List.size()" because "table" is null
	at edu.uob.Database._printTable(Database.java:165)
	at edu.uob.Database.getData(Database.java:278)
	at edu.uob.DBServer.parseSelect(DBServer.java:213)
	at edu.uob.DBServer.handleCommand(DBServer.java:79)
	at edu.uob.ExampleDBTests.lambda$sendCommandToServer$0(ExampleDBTests.java:30)
	at org.junit.jupiter.api.AssertTimeout.lambda$assertTimeoutPreemptively$4(AssertTimeout.java:138)
	at java.base/java.util.concurrent.FutureTask.run(FutureTask.java:317)
	at java.base/java.util.concurrent.ThreadPoolExecutor.runWorker(ThreadPoolExecutor.java:1144)
	at java.base/java.util.concurrent.ThreadPoolExecutor$Worker.run(ThreadPoolExecutor.java:642)
	at java.base/java.lang.Thread.run(Thread.java:1575)

edu.uob.ExampleDBTests.testTablePersistsAfterRestart  Time elapsed: 0.044 s  <<< ERROR!
java.lang.NullPointerException: Cannot invoke "java.util.List.size()" because "table" is null
	at edu.uob.Database._printTable(Database.java:165)
	at edu.uob.Database.getData(Database.java:278)
	at edu.uob.DBServer.parseSelect(DBServer.java:213)
	at edu.uob.DBServer.handleCommand(DBServer.java:79)
	at edu.uob.ExampleDBTests.lambda$sendCommandToServer$0(ExampleDBTests.java:30)
	at org.junit.jupiter.api.AssertTimeout.lambda$assertTimeoutPreemptively$4(AssertTimeout.java:138)
	at java.base/java.util.concurrent.FutureTask.run(FutureTask.java:317)
	at java.base/java.util.concurrent.ThreadPoolExecutor.runWorker(ThreadPoolExecutor.java:1144)
	at java.base/java.util.concurrent.ThreadPoolExecutor$Worker.run(ThreadPoolExecutor.java:642)
	at java.base/java.lang.Thread.run(Thread.java:1575)

edu.uob.ExampleDBTests.testForErrorTag  Time elapsed: 0.016 s  <<< ERROR!
java.lang.NullPointerException: Cannot invoke "java.util.List.size()" because "table" is null
	at edu.uob.Database._printTable(Database.java:165)
	at edu.uob.Database.getData(Database.java:278)
	at edu.uob.DBServer.parseSelect(DBServer.java:213)
	at edu.uob.DBServer.handleCommand(DBServer.java:79)
	at edu.uob.ExampleDBTests.lambda$sendCommandToServer$0(ExampleDBTests.java:30)
	at org.junit.jupiter.api.AssertTimeout.lambda$assertTimeoutPreemptively$4(AssertTimeout.java:138)
	at java.base/java.util.concurrent.FutureTask.run(FutureTask.java:317)
	at java.base/java.util.concurrent.ThreadPoolExecutor.runWorker(ThreadPoolExecutor.java:1144)
	at java.base/java.util.concurrent.ThreadPoolExecutor$Worker.run(ThreadPoolExecutor.java:642)
	at java.base/java.lang.Thread.run(Thread.java:1575)

