<?xml version="1.0" encoding="UTF-8"?>
<testsuite xmlns:xsi="http://www.w3.org/2001/XMLSchema-instance" xsi:noNamespaceSchemaLocation="https://maven.apache.org/surefire/maven-surefire-plugin/xsd/surefire-test-report-3.0.xsd" version="3.0" name="edu.uob.ExampleDBTests" time="0.114" tests="12" errors="0" skipped="0" failures="0">
  <properties>
[...]
</properties>
  <testcase name="testAlterTable" classname="edu.uob.ExampleDBTests" time="0.036">
    <system-out><![CDATA[[INFO] File created: xjtelbqvwy
[INFO] Write file successfully.
[OK] Table students created with schema: [id, name, age, _DELETED]
[INFO] Write file successfully.
Column age dropped successfully.
[INFO] Write file successfully.
]]></system-out>
  </testcase>
  <testcase name="testUpdateData" classname="edu.uob.ExampleDBTests" time="0.015">
    <system-out><![CDATA[[INFO] File created: rmpuuupivb
[INFO] Write file successfully.
[OK] Table products created with schema: [id, name, price, _DELETED]
[INFO] Write file successfully.
[OK] Updated row: [1, Laptop, 1200, FALSE]
[INFO] Write file successfully.
[OK] Table products updated successfully.
]]></system-out>
  </testcase>
  <testcase name="testAdvanceWhereQuery" classname="edu.uob.ExampleDBTests" time="0.012">
    <system-out><![CDATA[[INFO] File created: wxyadjybgb
[INFO] Write file successfully.
[OK] Table employees created with schema: [id, name, salary, _DELETED]
[INFO] Write file successfully.
[INFO] Write file successfully.
[INFO] Write file successfully.
[INFO] Write file successfully.
[INFO] Write file successfully.
]]></system-out>
  </testcase>
  <testcase name="testCaseInsensitiveSQL" classname="edu.uob.ExampleDBTests" time="0.004">
    <system-out><![CDATA[[INFO] File created: aayyidblnj
[INFO] Write file successfully.
[OK] Table students created with schema: [id, name, age, _DELETED]
[INFO] Write file successfully.
]]></system-out>
  </testcase>
  <testcase name="testQueryID" classname="edu.uob.ExampleDBTests" time="0.003">
    <system-out><![CDATA[[INFO] File created: olllwccipo
[INFO] Write file successfully.
[OK] Table marks created with schema: [id, name, mark, pass, _DELETED]
[INFO] Write file successfully.
]]></system-out>
  </testcase>
  <testcase name="testBasicCreateAndQuery" classname="edu.uob.ExampleDBTests" time="0.007">
    <system-out><![CDATA[randomName: sfjhhrmxyf
[INFO] File created: sfjhhrmxyf
[INFO] Write file successfully.
[OK] Table marks created with schema: [id, name, mark, pass, _DELETED]
[INFO] Write file successfully.
[INFO] Write file successfully.
[INFO] Write file successfully.
[INFO] Write file successfully.
]]></system-out>
  </testcase>
  <testcase name="testJoinTables" classname="edu.uob.ExampleDBTests" time="0.006">
    <system-out><![CDATA[[INFO] File created: pdbplfrosq
[INFO] Write file successfully.
[OK] Table orders created with schema: [id, order_id, customer_id, _DELETED]
[INFO] Write file successfully.
[OK] Table customers created with schema: [id, customer_id, name, _DELETED]
[INFO] Write file successfully.
[INFO] Write file successfully.
[INFO] Write file successfully.
[INFO] Write file successfully.
]]></system-out>
  </testcase>
  <testcase name="testDeleteData" classname="edu.uob.ExampleDBTests" time="0.006">
    <system-out><![CDATA[[INFO] File created: tfgghdfeyl
[INFO] Write file successfully.
[OK] Table employees created with schema: [id, name, salary, _DELETED]
[INFO] Write file successfully.
[INFO] Write file successfully.
[INFO] Write file successfully.
[INFO] Write file successfully.
[INFO] Write file successfully.
[OK] Deleted matching rows from table employees
[INFO] Write file successfully.
[OK] Deleted matching rows from table employees
]]></system-out>
  </testcase>
  <testcase name="testNullValues" classname="edu.uob.ExampleDBTests" time="0.003">
    <system-out><![CDATA[[INFO] File created: uatavdhcct
[INFO] Write file successfully.
[OK] Table employees created with schema: [id, name, salary, _DELETED]
[INFO] Write file successfully.
[INFO] Write file successfully.
]]></system-out>
  </testcase>
  <testcase name="testTablePersistsAfterRestart" classname="edu.uob.ExampleDBTests" time="0.002">
    <system-out><![CDATA[[INFO] File created: nigetglyke
[INFO] Write file successfully.
[OK] Table marks created with schema: [id, name, mark, pass, _DELETED]
[INFO] Write file successfully.
]]></system-out>
  </testcase>
  <testcase name="testInvalidSQL" classname="edu.uob.ExampleDBTests" time="0.001">
    <system-out><![CDATA[[INFO] File created: uwosrocevt
]]></system-out>
    <system-err><![CDATA[[ERROR] Invalid INSERT syntax.
]]></system-err>
  </testcase>
  <testcase name="testForErrorTag" classname="edu.uob.ExampleDBTests" time="0.003">
    <system-out><![CDATA[[INFO] File created: uprhdeauol
[INFO] Write file successfully.
[OK] Table marks created with schema: [id, name, mark, pass, _DELETED]
[INFO] Write file successfully.
]]></system-out>
    <system-err><![CDATA[[ERROR] File not found: databases/uprhdeauol/libraryfines.tab
[ERROR] Table libraryfines does not exist.
]]></system-err>
  </testcase>
</testsuite>