<?xml version="1.0" encoding="UTF-8"?>
<testsuite xmlns:xsi="http://www.w3.org/2001/XMLSchema-instance" xsi:noNamespaceSchemaLocation="https://maven.apache.org/surefire/maven-surefire-plugin/xsd/surefire-test-report-3.0.xsd" version="3.0" name="edu.uob.ExampleDBTests" time="0.114" tests="12" errors="0" skipped="0" failures="0">
  <properties>
    <property name="java.specification.version" value="17"/>
    <property name="sun.jnu.encoding" value="UTF-8"/>
    <property name="java.class.path" value="/Users/chider/code/bristol/cw-db/target/test-classes:/Users/chider/code/bristol/cw-db/target/classes:/Users/chider/.m2/repository/org/junit/jupiter/junit-jupiter/5.8.2/junit-jupiter-5.8.2.jar:/Users/chider/.m2/repository/org/junit/jupiter/junit-jupiter-api/5.8.2/junit-jupiter-api-5.8.2.jar:/Users/chider/.m2/repository/org/opentest4j/opentest4j/1.2.0/opentest4j-1.2.0.jar:/Users/chider/.m2/repository/org/junit/platform/junit-platform-commons/1.8.2/junit-platform-commons-1.8.2.jar:/Users/chider/.m2/repository/org/apiguardian/apiguardian-api/1.1.2/apiguardian-api-1.1.2.jar:/Users/chider/.m2/repository/org/junit/jupiter/junit-jupiter-params/5.8.2/junit-jupiter-params-5.8.2.jar:/Users/chider/.m2/repository/org/junit/jupiter/junit-jupiter-engine/5.8.2/junit-jupiter-engine-5.8.2.jar:/Users/chider/.m2/repository/org/junit/platform/junit-platform-engine/1.8.2/junit-platform-engine-1.8.2.jar:/Users/chider/.m2/repository/org/junit/platform/junit-platform-suite/1.8.2/junit-platform-suite-1.8.2.jar:/Users/chider/.m2/repository/org/junit/platform/junit-platform-suite-api/1.8.2/junit-platform-suite-api-1.8.2.jar:/Users/chider/.m2/repository/org/junit/platform/junit-platform-suite-engine/1.8.2/junit-platform-suite-engine-1.8.2.jar:/Users/chider/.m2/repository/org/junit/platform/junit-platform-suite-commons/1.8.2/junit-platform-suite-commons-1.8.2.jar:/Users/chider/.m2/repository/org/junit/platform/junit-platform-launcher/1.8.2/junit-platform-launcher-1.8.2.jar:"/>
    <property name="java.vm.vendor" value="Eclipse Adoptium"/>
    <property name="sun.arch.data.model" value="64"/>
    <property name="java.vendor.url" value="https://adoptium.net/"/>
    <property name="os.name" value="Mac OS X"/>
    <property name="java.vm.specification.version" value="17"/>
    <property name="sun.java.launcher" value="SUN_STANDARD"/>
    <property name="user.country" value="TW"/>
    <property name="sun.boot.library.path" value="/Users/chider/Library/Java/JavaVirtualMachines/temurin-17.0.13/Contents/Home/lib"/>
    <property name="sun.java.command" value="/Users/chider/code/bristol/cw-db/target/surefire/surefirebooter4508844496797672814.jar /Users/chider/code/bristol/cw-db/target/surefire 2025-03-11T01-47-13_273-jvmRun1 surefire197458641088212277tmp surefire_02896567276133323761tmp"/>
    <property name="jdk.debug" value="release"/>
    <property name="test" value="edu.uob.ExampleDBTests"/>
    <property name="surefire.test.class.path" value="/Users/chider/code/bristol/cw-db/target/test-classes:/Users/chider/code/bristol/cw-db/target/classes:/Users/chider/.m2/repository/org/junit/jupiter/junit-jupiter/5.8.2/junit-jupiter-5.8.2.jar:/Users/chider/.m2/repository/org/junit/jupiter/junit-jupiter-api/5.8.2/junit-jupiter-api-5.8.2.jar:/Users/chider/.m2/repository/org/opentest4j/opentest4j/1.2.0/opentest4j-1.2.0.jar:/Users/chider/.m2/repository/org/junit/platform/junit-platform-commons/1.8.2/junit-platform-commons-1.8.2.jar:/Users/chider/.m2/repository/org/apiguardian/apiguardian-api/1.1.2/apiguardian-api-1.1.2.jar:/Users/chider/.m2/repository/org/junit/jupiter/junit-jupiter-params/5.8.2/junit-jupiter-params-5.8.2.jar:/Users/chider/.m2/repository/org/junit/jupiter/junit-jupiter-engine/5.8.2/junit-jupiter-engine-5.8.2.jar:/Users/chider/.m2/repository/org/junit/platform/junit-platform-engine/1.8.2/junit-platform-engine-1.8.2.jar:/Users/chider/.m2/repository/org/junit/platform/junit-platform-suite/1.8.2/junit-platform-suite-1.8.2.jar:/Users/chider/.m2/repository/org/junit/platform/junit-platform-suite-api/1.8.2/junit-platform-suite-api-1.8.2.jar:/Users/chider/.m2/repository/org/junit/platform/junit-platform-suite-engine/1.8.2/junit-platform-suite-engine-1.8.2.jar:/Users/chider/.m2/repository/org/junit/platform/junit-platform-suite-commons/1.8.2/junit-platform-suite-commons-1.8.2.jar:/Users/chider/.m2/repository/org/junit/platform/junit-platform-launcher/1.8.2/junit-platform-launcher-1.8.2.jar:"/>
    <property name="sun.cpu.endian" value="little"/>
    <property name="user.home" value="/Users/chider"/>
    <property name="user.language" value="en"/>
    <property name="java.specification.vendor" value="Oracle Corporation"/>
    <property name="java.version.date" value="2024-10-15"/>
    <property name="java.home" value="/Users/chider/Library/Java/JavaVirtualMachines/temurin-17.0.13/Contents/Home"/>
    <property name="file.separator" value="/"/>
    <property name="basedir" value="/Users/chider/code/bristol/cw-db"/>
    <property name="java.vm.compressedOopsMode" value="Zero based"/>
    <property name="line.separator" value="&#10;"/>
    <property name="java.specification.name" value="Java Platform API Specification"/>
    <property name="java.vm.specification.vendor" value="Oracle Corporation"/>
    <property name="surefire.real.class.path" value="/Users/chider/code/bristol/cw-db/target/surefire/surefirebooter4508844496797672814.jar"/>
    <property name="sun.management.compiler" value="HotSpot 64-Bit Tiered Compilers"/>
    <property name="java.runtime.version" value="17.0.13+11"/>
    <property name="user.name" value="chider"/>
    <property name="path.separator" value=":"/>
    <property name="os.version" value="13.6.1"/>
    <property name="java.runtime.name" value="OpenJDK Runtime Environment"/>
    <property name="file.encoding" value="UTF-8"/>
    <property name="java.vm.name" value="OpenJDK 64-Bit Server VM"/>
    <property name="java.vendor.version" value="Temurin-17.0.13+11"/>
    <property name="localRepository" value="/Users/chider/.m2/repository"/>
    <property name="java.vendor.url.bug" value="https://github.com/adoptium/adoptium-support/issues"/>
    <property name="java.io.tmpdir" value="/var/folders/5t/7jwtj6dx0vgb0_l47fc3dxyh0000gn/T/"/>
    <property name="java.version" value="17.0.13"/>
    <property name="user.dir" value="/Users/chider/code/bristol/cw-db"/>
    <property name="os.arch" value="aarch64"/>
    <property name="java.vm.specification.name" value="Java Virtual Machine Specification"/>
    <property name="native.encoding" value="UTF-8"/>
    <property name="java.library.path" value="/Users/chider/Library/Java/Extensions:/Library/Java/Extensions:/Network/Library/Java/Extensions:/System/Library/Java/Extensions:/usr/lib/java:."/>
    <property name="java.vm.info" value="mixed mode, sharing"/>
    <property name="java.vendor" value="Eclipse Adoptium"/>
    <property name="java.vm.version" value="17.0.13+11"/>
    <property name="java.specification.maintenance.version" value="1"/>
    <property name="sun.io.unicode.encoding" value="UnicodeBig"/>
    <property name="java.class.version" value="61.0"/>
  </properties>
  <testcase name="testAlterTable" classname="edu.uob.ExampleDBTests" time="0.036">
    <system-out><![CDATA[[INFO] File created: xjtelbqvwy
[INFO] Write file successfully.
[OK] Table students created with schema: [id, name, age, _DELETED]
[INFO] Write file successfully.
Column age dropped successfully.
[INFO] Write file successfully.
]]></system-out>
  </testcase>
  <testcase name="testUpdateData" classname="edu.uob.ExampleDBTests" time="0.015">
    <system-out><![CDATA[[INFO] File created: rmpuuupivb
[INFO] Write file successfully.
[OK] Table products created with schema: [id, name, price, _DELETED]
[INFO] Write file successfully.
[OK] Updated row: [1, Laptop, 1200, FALSE]
[INFO] Write file successfully.
[OK] Table products updated successfully.
]]></system-out>
  </testcase>
  <testcase name="testAdvanceWhereQuery" classname="edu.uob.ExampleDBTests" time="0.012">
    <system-out><![CDATA[[INFO] File created: wxyadjybgb
[INFO] Write file successfully.
[OK] Table employees created with schema: [id, name, salary, _DELETED]
[INFO] Write file successfully.
[INFO] Write file successfully.
[INFO] Write file successfully.
[INFO] Write file successfully.
[INFO] Write file successfully.
]]></system-out>
  </testcase>
  <testcase name="testCaseInsensitiveSQL" classname="edu.uob.ExampleDBTests" time="0.004">
    <system-out><![CDATA[[INFO] File created: aayyidblnj
[INFO] Write file successfully.
[OK] Table students created with schema: [id, name, age, _DELETED]
[INFO] Write file successfully.
]]></system-out>
  </testcase>
  <testcase name="testQueryID" classname="edu.uob.ExampleDBTests" time="0.003">
    <system-out><![CDATA[[INFO] File created: olllwccipo
[INFO] Write file successfully.
[OK] Table marks created with schema: [id, name, mark, pass, _DELETED]
[INFO] Write file successfully.
]]></system-out>
  </testcase>
  <testcase name="testBasicCreateAndQuery" classname="edu.uob.ExampleDBTests" time="0.007">
    <system-out><![CDATA[randomName: sfjhhrmxyf
[INFO] File created: sfjhhrmxyf
[INFO] Write file successfully.
[OK] Table marks created with schema: [id, name, mark, pass, _DELETED]
[INFO] Write file successfully.
[INFO] Write file successfully.
[INFO] Write file successfully.
[INFO] Write file successfully.
]]></system-out>
  </testcase>
  <testcase name="testJoinTables" classname="edu.uob.ExampleDBTests" time="0.006">
    <system-out><![CDATA[[INFO] File created: pdbplfrosq
[INFO] Write file successfully.
[OK] Table orders created with schema: [id, order_id, customer_id, _DELETED]
[INFO] Write file successfully.
[OK] Table customers created with schema: [id, customer_id, name, _DELETED]
[INFO] Write file successfully.
[INFO] Write file successfully.
[INFO] Write file successfully.
[INFO] Write file successfully.
]]></system-out>
  </testcase>
  <testcase name="testDeleteData" classname="edu.uob.ExampleDBTests" time="0.006">
    <system-out><![CDATA[[INFO] File created: tfgghdfeyl
[INFO] Write file successfully.
[OK] Table employees created with schema: [id, name, salary, _DELETED]
[INFO] Write file successfully.
[INFO] Write file successfully.
[INFO] Write file successfully.
[INFO] Write file successfully.
[INFO] Write file successfully.
[OK] Deleted matching rows from table employees
[INFO] Write file successfully.
[OK] Deleted matching rows from table employees
]]></system-out>
  </testcase>
  <testcase name="testNullValues" classname="edu.uob.ExampleDBTests" time="0.003">
    <system-out><![CDATA[[INFO] File created: uatavdhcct
[INFO] Write file successfully.
[OK] Table employees created with schema: [id, name, salary, _DELETED]
[INFO] Write file successfully.
[INFO] Write file successfully.
]]></system-out>
  </testcase>
  <testcase name="testTablePersistsAfterRestart" classname="edu.uob.ExampleDBTests" time="0.002">
    <system-out><![CDATA[[INFO] File created: nigetglyke
[INFO] Write file successfully.
[OK] Table marks created with schema: [id, name, mark, pass, _DELETED]
[INFO] Write file successfully.
]]></system-out>
  </testcase>
  <testcase name="testInvalidSQL" classname="edu.uob.ExampleDBTests" time="0.001">
    <system-out><![CDATA[[INFO] File created: uwosrocevt
]]></system-out>
    <system-err><![CDATA[[ERROR] Invalid INSERT syntax.
]]></system-err>
  </testcase>
  <testcase name="testForErrorTag" classname="edu.uob.ExampleDBTests" time="0.003">
    <system-out><![CDATA[[INFO] File created: uprhdeauol
[INFO] Write file successfully.
[OK] Table marks created with schema: [id, name, mark, pass, _DELETED]
[INFO] Write file successfully.
]]></system-out>
    <system-err><![CDATA[[ERROR] File not found: databases/uprhdeauol/libraryfines.tab
[ERROR] Table libraryfines does not exist.
]]></system-err>
  </testcase>
</testsuite>