<?xml version="1.0" encoding="UTF-8"?>
<testsuite xmlns:xsi="http://www.w3.org/2001/XMLSchema-instance" xsi:noNamespaceSchemaLocation="https://maven.apache.org/surefire/maven-surefire-plugin/xsd/surefire-test-report-3.0.xsd" version="3.0" name="edu.uob.ExampleDBTests" time="0.313" tests="4" errors="4" skipped="0" failures="0">
  <properties>
[...]
</properties>
  <testcase name="testQueryID" classname="edu.uob.ExampleDBTests" time="0.149">
    <error type="java.lang.NullPointerException"><![CDATA[java.lang.NullPointerException: Cannot invoke "java.util.List.size()" because "table" is null
	at edu.uob.Database._printTable(Database.java:165)
	at edu.uob.Database.getData(Database.java:278)
	at edu.uob.DBServer.parseSelect(DBServer.java:213)
	at edu.uob.DBServer.handleCommand(DBServer.java:79)
	at edu.uob.ExampleDBTests.lambda$sendCommandToServer$0(ExampleDBTests.java:30)
	at org.junit.jupiter.api.AssertTimeout.lambda$assertTimeoutPreemptively$4(AssertTimeout.java:138)
	at java.base/java.util.concurrent.FutureTask.run(FutureTask.java:317)
	at java.base/java.util.concurrent.ThreadPoolExecutor.runWorker(ThreadPoolExecutor.java:1144)
	at java.base/java.util.concurrent.ThreadPoolExecutor$Worker.run(ThreadPoolExecutor.java:642)
	at java.base/java.lang.Thread.run(Thread.java:1575)
]]></error>
    <system-out><![CDATA[Switch database required.

Switch database: dhubgpuijy; successfully.
[OK]
values: [name, mark, pass);]
path.toString() /Users/chider/code/bristol/cw-db/databases/dhubgpuijy;
lastPart dhubgpuijy;
[OK]
conditions.length: 1
conditions: name == 'Simon'
tablename: marks
and: []
or: []
condition: [name == 'Simon']
cols: [id]
in.....
condition: {condition=[name == 'Simon'], or=[], and=[]}
File not found: databases/dhubgpuijy;/marks.tab
]]></system-out>
    <system-err><![CDATA[No such file or directory
]]></system-err>
  </testcase>
  <testcase name="testBasicCreateAndQuery" classname="edu.uob.ExampleDBTests" time="0.016">
    <error type="java.lang.NullPointerException"><![CDATA[java.lang.NullPointerException: Cannot invoke "java.util.List.size()" because "table" is null
	at edu.uob.Database._printTable(Database.java:165)
	at edu.uob.Database.getData(Database.java:278)
	at edu.uob.DBServer.parseSelect(DBServer.java:213)
	at edu.uob.DBServer.handleCommand(DBServer.java:79)
	at edu.uob.ExampleDBTests.lambda$sendCommandToServer$0(ExampleDBTests.java:30)
	at org.junit.jupiter.api.AssertTimeout.lambda$assertTimeoutPreemptively$4(AssertTimeout.java:138)
	at java.base/java.util.concurrent.FutureTask.run(FutureTask.java:317)
	at java.base/java.util.concurrent.ThreadPoolExecutor.runWorker(ThreadPoolExecutor.java:1144)
	at java.base/java.util.concurrent.ThreadPoolExecutor$Worker.run(ThreadPoolExecutor.java:642)
	at java.base/java.lang.Thread.run(Thread.java:1575)
]]></error>
    <system-out><![CDATA[randomName: jxtkvnwgyh
Switch database required.

Switch database: jxtkvnwgyh; successfully.
[OK]
values: [name, mark, pass);]
path.toString() /Users/chider/code/bristol/cw-db/databases/jxtkvnwgyh;
lastPart jxtkvnwgyh;
[OK]
tablename: ERROR
and: []
or: []
condition: null
cols: [*]
in.....
condition: {condition=null, or=[], and=[]}
File not found: databases/jxtkvnwgyh;/ERROR.tab
]]></system-out>
    <system-err><![CDATA[No such file or directory
]]></system-err>
  </testcase>
  <testcase name="testTablePersistsAfterRestart" classname="edu.uob.ExampleDBTests" time="0.044">
    <error type="java.lang.NullPointerException"><![CDATA[java.lang.NullPointerException: Cannot invoke "java.util.List.size()" because "table" is null
	at edu.uob.Database._printTable(Database.java:165)
	at edu.uob.Database.getData(Database.java:278)
	at edu.uob.DBServer.parseSelect(DBServer.java:213)
	at edu.uob.DBServer.handleCommand(DBServer.java:79)
	at edu.uob.ExampleDBTests.lambda$sendCommandToServer$0(ExampleDBTests.java:30)
	at org.junit.jupiter.api.AssertTimeout.lambda$assertTimeoutPreemptively$4(AssertTimeout.java:138)
	at java.base/java.util.concurrent.FutureTask.run(FutureTask.java:317)
	at java.base/java.util.concurrent.ThreadPoolExecutor.runWorker(ThreadPoolExecutor.java:1144)
	at java.base/java.util.concurrent.ThreadPoolExecutor$Worker.run(ThreadPoolExecutor.java:642)
	at java.base/java.lang.Thread.run(Thread.java:1575)
]]></error>
    <system-out><![CDATA[Switch database required.

Switch database: xsyfbylgme; successfully.
[OK]
values: [name, mark, pass);]
path.toString() /Users/chider/code/bristol/cw-db/databases/xsyfbylgme;
lastPart xsyfbylgme;
[OK]
Switch database: xsyfbylgme; successfully.
[OK]
tablename: ERROR
and: []
or: []
condition: null
cols: [*]
in.....
condition: {condition=null, or=[], and=[]}
File not found: databases/xsyfbylgme;/ERROR.tab
]]></system-out>
    <system-err><![CDATA[No such file or directory
]]></system-err>
  </testcase>
  <testcase name="testForErrorTag" classname="edu.uob.ExampleDBTests" time="0.016">
    <error type="java.lang.NullPointerException"><![CDATA[java.lang.NullPointerException: Cannot invoke "java.util.List.size()" because "table" is null
	at edu.uob.Database._printTable(Database.java:165)
	at edu.uob.Database.getData(Database.java:278)
	at edu.uob.DBServer.parseSelect(DBServer.java:213)
	at edu.uob.DBServer.handleCommand(DBServer.java:79)
	at edu.uob.ExampleDBTests.lambda$sendCommandToServer$0(ExampleDBTests.java:30)
	at org.junit.jupiter.api.AssertTimeout.lambda$assertTimeoutPreemptively$4(AssertTimeout.java:138)
	at java.base/java.util.concurrent.FutureTask.run(FutureTask.java:317)
	at java.base/java.util.concurrent.ThreadPoolExecutor.runWorker(ThreadPoolExecutor.java:1144)
	at java.base/java.util.concurrent.ThreadPoolExecutor$Worker.run(ThreadPoolExecutor.java:642)
	at java.base/java.lang.Thread.run(Thread.java:1575)
]]></error>
    <system-out><![CDATA[Switch database required.

Switch database: aegwqcnufr; successfully.
[OK]
values: [name, mark, pass);]
path.toString() /Users/chider/code/bristol/cw-db/databases/aegwqcnufr;
lastPart aegwqcnufr;
[OK]
tablename: ERROR
and: []
or: []
condition: null
cols: [*]
in.....
condition: {condition=null, or=[], and=[]}
File not found: databases/aegwqcnufr;/ERROR.tab
]]></system-out>
    <system-err><![CDATA[No such file or directory
]]></system-err>
  </testcase>
</testsuite>